2026-01-14 17:10:23,903 A380 TelemetryMonitor[6750:MainThread] INFO Executing telemetry monitor
2026-01-14 17:10:23,903 A380 TelemetryMonitor[6750:MainThread] INFO Polling frequency: 5.0s
2026-01-14 17:10:23,903 A380 TelemetryMonitor[6750:MainThread] INFO Experiment directory: /home/tanuj/Masters_Thesis/AFC_using_DRL_DMDc/dmdc/evaluation/makeFields/run/cylinder
2026-01-14 17:10:23,903 A380 TelemetryMonitor[6750:MainThread] INFO Telemetry output: /home/tanuj/Masters_Thesis/AFC_using_DRL_DMDc/dmdc/evaluation/makeFields/run/cylinder/.smartsim/telemetry
2026-01-14 17:10:28,909 A380 TelemetryMonitor[6750:MainThread] INFO Cooldown 5.56% complete
2026-01-14 17:10:33,687 A380 TelemetryMonitor[6750:Thread-1] INFO Created file: /home/tanuj/Masters_Thesis/AFC_using_DRL_DMDc/dmdc/evaluation/makeFields/run/cylinder/.smartsim/telemetry/manifest.json
2026-01-14 17:10:33,687 A380 TelemetryMonitor[6750:Thread-1] INFO Modified directory: /home/tanuj/Masters_Thesis/AFC_using_DRL_DMDc/dmdc/evaluation/makeFields/run/cylinder/.smartsim/telemetry
2026-01-14 17:10:33,687 A380 TelemetryMonitor[6750:Thread-1] INFO Opened file: /home/tanuj/Masters_Thesis/AFC_using_DRL_DMDc/dmdc/evaluation/makeFields/run/cylinder/.smartsim/telemetry/manifest.json
2026-01-14 17:10:33,698 A380 TelemetryMonitor[6750:Thread-1] INFO Modified file: /home/tanuj/Masters_Thesis/AFC_using_DRL_DMDc/dmdc/evaluation/makeFields/run/cylinder/.smartsim/telemetry/manifest.json
2026-01-14 17:10:33,698 A380 TelemetryMonitor[6750:Thread-1] INFO Closed file: /home/tanuj/Masters_Thesis/AFC_using_DRL_DMDc/dmdc/evaluation/makeFields/run/cylinder/.smartsim/telemetry/manifest.json
2026-01-14 17:10:33,698 A380 TelemetryMonitor[6750:Thread-1] INFO Modified directory: /home/tanuj/Masters_Thesis/AFC_using_DRL_DMDc/dmdc/evaluation/makeFields/run/cylinder/.smartsim/telemetry
2026-01-14 17:10:33,698 A380 TelemetryMonitor[6750:Thread-1] INFO Opened file: /home/tanuj/Masters_Thesis/AFC_using_DRL_DMDc/dmdc/evaluation/makeFields/run/cylinder/.smartsim/telemetry/manifest.json
2026-01-14 17:10:35,088 A380 TelemetryMonitor[6750:Thread-1] INFO Opened file: /home/tanuj/Masters_Thesis/AFC_using_DRL_DMDc/dmdc/evaluation/makeFields/run/cylinder/.smartsim/telemetry/manifest.json
2026-01-14 17:10:35,099 A380 TelemetryMonitor[6750:Thread-1] INFO Modified file: /home/tanuj/Masters_Thesis/AFC_using_DRL_DMDc/dmdc/evaluation/makeFields/run/cylinder/.smartsim/telemetry/manifest.json
2026-01-14 17:10:35,099 A380 TelemetryMonitor[6750:Thread-1] INFO Closed file: /home/tanuj/Masters_Thesis/AFC_using_DRL_DMDc/dmdc/evaluation/makeFields/run/cylinder/.smartsim/telemetry/manifest.json
2026-01-14 17:10:35,099 A380 TelemetryMonitor[6750:Thread-1] INFO Modified directory: /home/tanuj/Masters_Thesis/AFC_using_DRL_DMDc/dmdc/evaluation/makeFields/run/cylinder/.smartsim/telemetry
2026-01-14 17:10:35,100 A380 TelemetryMonitor[6750:Thread-1] INFO Opened file: /home/tanuj/Masters_Thesis/AFC_using_DRL_DMDc/dmdc/evaluation/makeFields/run/cylinder/.smartsim/telemetry/manifest.json
2026-01-14 17:10:40,292 A380 TelemetryMonitor[6750:Thread-1] INFO Opened file: /home/tanuj/Masters_Thesis/AFC_using_DRL_DMDc/dmdc/evaluation/makeFields/run/cylinder/.smartsim/telemetry/manifest.json
2026-01-14 17:10:40,304 A380 TelemetryMonitor[6750:Thread-1] INFO Modified file: /home/tanuj/Masters_Thesis/AFC_using_DRL_DMDc/dmdc/evaluation/makeFields/run/cylinder/.smartsim/telemetry/manifest.json
2026-01-14 17:10:40,314 A380 TelemetryMonitor[6750:Thread-1] INFO Modified file: /home/tanuj/Masters_Thesis/AFC_using_DRL_DMDc/dmdc/evaluation/makeFields/run/cylinder/.smartsim/telemetry/manifest.json
2026-01-14 17:10:40,314 A380 TelemetryMonitor[6750:Thread-1] INFO Closed file: /home/tanuj/Masters_Thesis/AFC_using_DRL_DMDc/dmdc/evaluation/makeFields/run/cylinder/.smartsim/telemetry/manifest.json
2026-01-14 17:10:40,314 A380 TelemetryMonitor[6750:Thread-1] INFO Modified directory: /home/tanuj/Masters_Thesis/AFC_using_DRL_DMDc/dmdc/evaluation/makeFields/run/cylinder/.smartsim/telemetry
2026-01-14 17:10:40,314 A380 TelemetryMonitor[6750:Thread-1] INFO Opened file: /home/tanuj/Masters_Thesis/AFC_using_DRL_DMDc/dmdc/evaluation/makeFields/run/cylinder/.smartsim/telemetry/manifest.json
2026-01-14 17:10:40,315 A380 TelemetryMonitor[6750:Thread-1] INFO Opened file: /home/tanuj/Masters_Thesis/AFC_using_DRL_DMDc/dmdc/evaluation/makeFields/run/cylinder/.smartsim/telemetry/manifest.json
2026-01-14 17:10:45,499 A380 TelemetryMonitor[6750:Thread-1] INFO Opened file: /home/tanuj/Masters_Thesis/AFC_using_DRL_DMDc/dmdc/evaluation/makeFields/run/cylinder/.smartsim/telemetry/manifest.json
2026-01-14 17:10:45,510 A380 TelemetryMonitor[6750:Thread-1] INFO Modified file: /home/tanuj/Masters_Thesis/AFC_using_DRL_DMDc/dmdc/evaluation/makeFields/run/cylinder/.smartsim/telemetry/manifest.json
2026-01-14 17:10:45,521 A380 TelemetryMonitor[6750:Thread-1] INFO Modified file: /home/tanuj/Masters_Thesis/AFC_using_DRL_DMDc/dmdc/evaluation/makeFields/run/cylinder/.smartsim/telemetry/manifest.json
2026-01-14 17:10:45,521 A380 TelemetryMonitor[6750:Thread-1] INFO Closed file: /home/tanuj/Masters_Thesis/AFC_using_DRL_DMDc/dmdc/evaluation/makeFields/run/cylinder/.smartsim/telemetry/manifest.json
2026-01-14 17:10:45,521 A380 TelemetryMonitor[6750:Thread-1] INFO Modified directory: /home/tanuj/Masters_Thesis/AFC_using_DRL_DMDc/dmdc/evaluation/makeFields/run/cylinder/.smartsim/telemetry
2026-01-14 17:10:45,521 A380 TelemetryMonitor[6750:Thread-1] INFO Opened file: /home/tanuj/Masters_Thesis/AFC_using_DRL_DMDc/dmdc/evaluation/makeFields/run/cylinder/.smartsim/telemetry/manifest.json
2026-01-14 17:10:45,521 A380 TelemetryMonitor[6750:Thread-1] INFO Opened file: /home/tanuj/Masters_Thesis/AFC_using_DRL_DMDc/dmdc/evaluation/makeFields/run/cylinder/.smartsim/telemetry/manifest.json
2026-01-14 17:10:58,940 A380 TelemetryMonitor[6750:MainThread] INFO Cooldown 5.56% complete
2026-01-14 17:11:03,945 A380 TelemetryMonitor[6750:MainThread] INFO Cooldown 11.12% complete
2026-01-14 17:11:08,951 A380 TelemetryMonitor[6750:MainThread] INFO Cooldown 16.69% complete
2026-01-14 17:11:13,958 A380 TelemetryMonitor[6750:MainThread] INFO Cooldown 22.25% complete
2026-01-14 17:11:18,963 A380 TelemetryMonitor[6750:MainThread] INFO Cooldown 27.81% complete
2026-01-14 17:11:23,969 A380 TelemetryMonitor[6750:MainThread] INFO Cooldown 33.37% complete
2026-01-14 17:11:28,976 A380 TelemetryMonitor[6750:MainThread] INFO Cooldown 38.93% complete
2026-01-14 17:11:33,981 A380 TelemetryMonitor[6750:MainThread] INFO Cooldown 44.50% complete
2026-01-14 17:11:38,987 A380 TelemetryMonitor[6750:MainThread] INFO Cooldown 50.06% complete
2026-01-14 17:11:43,993 A380 TelemetryMonitor[6750:MainThread] INFO Cooldown 55.62% complete
2026-01-14 17:11:49,000 A380 TelemetryMonitor[6750:MainThread] INFO Cooldown 61.18% complete
2026-01-14 17:11:54,006 A380 TelemetryMonitor[6750:MainThread] INFO Cooldown 66.75% complete
2026-01-14 17:11:59,012 A380 TelemetryMonitor[6750:MainThread] INFO Cooldown 72.31% complete
2026-01-14 17:12:04,017 A380 TelemetryMonitor[6750:MainThread] INFO Cooldown 77.87% complete
2026-01-14 17:12:09,022 A380 TelemetryMonitor[6750:MainThread] INFO Cooldown 83.43% complete
2026-01-14 17:12:14,028 A380 TelemetryMonitor[6750:MainThread] INFO Cooldown 88.99% complete
2026-01-14 17:12:19,034 A380 TelemetryMonitor[6750:MainThread] INFO Cooldown 94.56% complete
2026-01-14 17:12:24,040 A380 TelemetryMonitor[6750:MainThread] INFO Cooldown complete. Beginning shutdown
2026-01-14 17:12:24,041 A380 TelemetryMonitor[6750:MainThread] INFO Exiting telemetry monitor event loop
2026-01-14 17:12:24,042 A380 TelemetryMonitor[6750:MainThread] INFO Telemetry monitor shutdown complete
